/ghome/group07/miniconda3/envs/m5/lib/python3.7/site-packages/torch/functional.py:445: UserWarning: torch.meshgrid: in an upcoming release, it will be required to pass the indexing argument. (Triggered internally at  ../aten/src/ATen/native/TensorShape.cpp:2157.)
  return _VF.meshgrid(tensors, **kwargs)  # type: ignore[attr-defined]
COCO Evaluator instantiated using config, this is deprecated behavior. Please pass in explicit arguments instead.
Using previously cached COCO format annotations at './output/kitti_mots_val_gen_coco_format.json'. You need to clear the cache file if your dataset has been modified.
Traceback (most recent call last):
  File "main.py", line 310, in <module>
    val_loader = build_detection_test_loader(cfg, "kitti_mots_val_gen", num_workers=N_WORKERS)
  File "/export/home/group07/M5_Team7_MCV/detectron2/detectron2/config/config.py", line 207, in wrapped
    explicit_args = _get_args_from_config(from_config, *args, **kwargs)
  File "/export/home/group07/M5_Team7_MCV/detectron2/detectron2/config/config.py", line 245, in _get_args_from_config
    ret = from_config_func(*args, **kwargs)
  File "/export/home/group07/M5_Team7_MCV/detectron2/detectron2/data/build.py", line 468, in _test_loader_from_config
    else None,
  File "/export/home/group07/M5_Team7_MCV/detectron2/detectron2/data/build.py", line 241, in get_detection_dataset_dicts
    dataset_dicts = [DatasetCatalog.get(dataset_name) for dataset_name in names]
  File "/export/home/group07/M5_Team7_MCV/detectron2/detectron2/data/build.py", line 241, in <listcomp>
    dataset_dicts = [DatasetCatalog.get(dataset_name) for dataset_name in names]
  File "/export/home/group07/M5_Team7_MCV/detectron2/detectron2/data/catalog.py", line 58, in get
    return f()
  File "main.py", line 245, in <lambda>
    DatasetCatalog.register("kitti_mots_" + d, lambda d=d: get_kitti_mots_dicts(DATASET_PATH, d, MODEL) )
  File "main.py", line 114, in get_kitti_mots_dicts
    record["height"] = height
NameError: name 'height' is not defined
