Parameters:
DATASET_PATH: ../../../KITTI-MOTS
MODEL: MaskRCNN
FINETUNING: False
N_IMAGES_TEST: 20
IMAGES_TEST_START: 0
N_WORKERS: 4
Starting script
Loading KITTI-MOTS dataset
Registering KITTI-MOTS train_gen dataset
Registering KITTI-MOTS val_gen dataset
Loading models and weights from MaskRCNN model
Loading test images
Running inference on images 0 to 19
Running inference on 20 images
Running inference on image ../../../KITTI-MOTS/testing/image_02/0000/000000.png
Running inference on image ../../../KITTI-MOTS/testing/image_02/0000/000001.png
Running inference on image ../../../KITTI-MOTS/testing/image_02/0000/000002.png
Running inference on image ../../../KITTI-MOTS/testing/image_02/0000/000003.png
Running inference on image ../../../KITTI-MOTS/testing/image_02/0000/000004.png
Running inference on image ../../../KITTI-MOTS/testing/image_02/0000/000005.png
Running inference on image ../../../KITTI-MOTS/testing/image_02/0000/000006.png
Running inference on image ../../../KITTI-MOTS/testing/image_02/0000/000007.png
Running inference on image ../../../KITTI-MOTS/testing/image_02/0000/000008.png
Running inference on image ../../../KITTI-MOTS/testing/image_02/0000/000009.png
Running inference on image ../../../KITTI-MOTS/testing/image_02/0000/000010.png
Running inference on image ../../../KITTI-MOTS/testing/image_02/0000/000011.png
Running inference on image ../../../KITTI-MOTS/testing/image_02/0000/000012.png
Running inference on image ../../../KITTI-MOTS/testing/image_02/0000/000013.png
Running inference on image ../../../KITTI-MOTS/testing/image_02/0000/000014.png
Running inference on image ../../../KITTI-MOTS/testing/image_02/0000/000015.png
Running inference on image ../../../KITTI-MOTS/testing/image_02/0000/000016.png
Running inference on image ../../../KITTI-MOTS/testing/image_02/0000/000017.png
Running inference on image ../../../KITTI-MOTS/testing/image_02/0000/000018.png
Running inference on image ../../../KITTI-MOTS/testing/image_02/0000/000019.png
Inference done
Visualizing predictions
Visualizing prediction 1/20: ../../../KITTI-MOTS/testing/image_02/0000/000000.png
Visualizing prediction 2/20: ../../../KITTI-MOTS/testing/image_02/0000/000001.png
Visualizing prediction 3/20: ../../../KITTI-MOTS/testing/image_02/0000/000002.png
Visualizing prediction 4/20: ../../../KITTI-MOTS/testing/image_02/0000/000003.png
Visualizing prediction 5/20: ../../../KITTI-MOTS/testing/image_02/0000/000004.png
Visualizing prediction 6/20: ../../../KITTI-MOTS/testing/image_02/0000/000005.png
Visualizing prediction 7/20: ../../../KITTI-MOTS/testing/image_02/0000/000006.png
Visualizing prediction 8/20: ../../../KITTI-MOTS/testing/image_02/0000/000007.png
Visualizing prediction 9/20: ../../../KITTI-MOTS/testing/image_02/0000/000008.png
Visualizing prediction 10/20: ../../../KITTI-MOTS/testing/image_02/0000/000009.png
Visualizing prediction 11/20: ../../../KITTI-MOTS/testing/image_02/0000/000010.png
Visualizing prediction 12/20: ../../../KITTI-MOTS/testing/image_02/0000/000011.png
Visualizing prediction 13/20: ../../../KITTI-MOTS/testing/image_02/0000/000012.png
Visualizing prediction 14/20: ../../../KITTI-MOTS/testing/image_02/0000/000013.png
Visualizing prediction 15/20: ../../../KITTI-MOTS/testing/image_02/0000/000014.png
Visualizing prediction 16/20: ../../../KITTI-MOTS/testing/image_02/0000/000015.png
Visualizing prediction 17/20: ../../../KITTI-MOTS/testing/image_02/0000/000016.png
Visualizing prediction 18/20: ../../../KITTI-MOTS/testing/image_02/0000/000017.png
Visualizing prediction 19/20: ../../../KITTI-MOTS/testing/image_02/0000/000018.png
Visualizing prediction 20/20: ../../../KITTI-MOTS/testing/image_02/0000/000019.png
Visualization done
Evaluating predictions
Loading 233 images from sequence 0002
Loading 270 images from sequence 0006
Loading 800 images from sequence 0007
Loading 390 images from sequence 0008
Loading 294 images from sequence 0010
Loading 340 images from sequence 0013
Loading 106 images from sequence 0014
Loading 209 images from sequence 0016
Loading 339 images from sequence 0018
Evaluator created
Loading 233 images from sequence 0002
Loading 270 images from sequence 0006
Loading 800 images from sequence 0007
Loading 390 images from sequence 0008
Loading 294 images from sequence 0010
Loading 340 images from sequence 0013
Loading 106 images from sequence 0014
Loading 209 images from sequence 0016
Loading 339 images from sequence 0018
Validation loader created
Loading and preparing results...
DONE (t=0.07s)
creating index...
index created!
Running per image evaluation...
Evaluate annotation type *bbox*
DONE (t=10.37s).
Accumulating evaluation results...
DONE (t=0.27s).
 Average Precision  (AP) @[ IoU=0.50:0.95 | area=   all | maxDets=100 ] = 0.595
 Average Precision  (AP) @[ IoU=0.50      | area=   all | maxDets=100 ] = 0.822
 Average Precision  (AP) @[ IoU=0.75      | area=   all | maxDets=100 ] = 0.672
 Average Precision  (AP) @[ IoU=0.50:0.95 | area= small | maxDets=100 ] = 0.613
 Average Precision  (AP) @[ IoU=0.50:0.95 | area=medium | maxDets=100 ] = 0.713
 Average Precision  (AP) @[ IoU=0.50:0.95 | area= large | maxDets=100 ] = 0.519
 Average Recall     (AR) @[ IoU=0.50:0.95 | area=   all | maxDets=  1 ] = 0.079
 Average Recall     (AR) @[ IoU=0.50:0.95 | area=   all | maxDets= 10 ] = 0.493
 Average Recall     (AR) @[ IoU=0.50:0.95 | area=   all | maxDets=100 ] = 0.698
 Average Recall     (AR) @[ IoU=0.50:0.95 | area= small | maxDets=100 ] = 0.667
 Average Recall     (AR) @[ IoU=0.50:0.95 | area=medium | maxDets=100 ] = 0.834
 Average Recall     (AR) @[ IoU=0.50:0.95 | area= large | maxDets=100 ] = 0.974
Loading and preparing results...
DONE (t=0.21s)
creating index...
index created!
Running per image evaluation...
Evaluate annotation type *segm*
DONE (t=27.44s).
Accumulating evaluation results...
DONE (t=0.20s).
 Average Precision  (AP) @[ IoU=0.50:0.95 | area=   all | maxDets=100 ] = 0.000
 Average Precision  (AP) @[ IoU=0.50      | area=   all | maxDets=100 ] = 0.000
 Average Precision  (AP) @[ IoU=0.75      | area=   all | maxDets=100 ] = 0.000
 Average Precision  (AP) @[ IoU=0.50:0.95 | area= small | maxDets=100 ] = 0.000
 Average Precision  (AP) @[ IoU=0.50:0.95 | area=medium | maxDets=100 ] = 0.000
 Average Precision  (AP) @[ IoU=0.50:0.95 | area= large | maxDets=100 ] = 0.000
 Average Recall     (AR) @[ IoU=0.50:0.95 | area=   all | maxDets=  1 ] = 0.000
 Average Recall     (AR) @[ IoU=0.50:0.95 | area=   all | maxDets= 10 ] = 0.000
 Average Recall     (AR) @[ IoU=0.50:0.95 | area=   all | maxDets=100 ] = 0.000
 Average Recall     (AR) @[ IoU=0.50:0.95 | area= small | maxDets=100 ] = 0.000
 Average Recall     (AR) @[ IoU=0.50:0.95 | area=medium | maxDets=100 ] = 0.000
 Average Recall     (AR) @[ IoU=0.50:0.95 | area= large | maxDets=100 ] = 0.000
Evaluation done
Evaluation Results:
bbox: {'AP': 59.544653415660285, 'AP50': 82.2493383995752, 'AP75': 67.23601367855395, 'APs': 61.27489252805244, 'APm': 71.32111548340397, 'APl': 51.87274298566622, 'AP-Car': 47.71647426987678, 'AP-Pedestrian': nan, 'AP-Ignore': 71.37283256144379}
segm: {'AP': 5.9117062762469304e-05, 'AP50': 0.000489266653777329, 'AP75': 0.0, 'APs': 8.80410531629737e-05, 'APm': 4.4332791488104036e-05, 'APl': 0.0, 'AP-Car': 4.076158953894566e-05, 'AP-Pedestrian': nan, 'AP-Ignore': 7.747253598599297e-05}
