True
True
['Opencountry', 'coast', 'forest', 'highway', 'inside_city', 'mountain', 'street', 'tallbuilding']
[(4, 'inside_city'), (6, 'street'), (1, 'coast'), (7, 'tallbuilding'), (5, 'mountain'), (2, 'forest'), (3, 'highway'), (0, 'Opencountry')]
[(4, 'inside_city'), (6, 'street'), (1, 'coast'), (7, 'tallbuilding'), (5, 'mountain'), (2, 'forest'), (3, 'highway'), (0, 'Opencountry')]
1504 377
Train set size:  1504
Validation set size:  377
Test set size:  807
Current device: cuda
Is Model on CUDA: True
----------------------------------------------------------------
        Layer (type)               Output Shape         Param #
================================================================
            Conv2d-1         [-1, 32, 224, 224]             896
         MaxPool2d-2         [-1, 32, 112, 112]               0
            Conv2d-3         [-1, 32, 224, 224]           1,056
         MaxPool2d-4         [-1, 32, 112, 112]               0
            Conv2d-5         [-1, 64, 112, 112]          18,496
         MaxPool2d-6           [-1, 64, 56, 56]               0
            Conv2d-7         [-1, 64, 112, 112]           4,160
         MaxPool2d-8           [-1, 64, 56, 56]               0
            Conv2d-9          [-1, 128, 56, 56]          73,856
        MaxPool2d-10          [-1, 128, 28, 28]               0
AdaptiveAvgPool2d-11            [-1, 128, 1, 1]               0
           Linear-12                  [-1, 256]          33,024
           Linear-13                    [-1, 8]           2,056
================================================================
Total params: 133,544
Trainable params: 133,544
Non-trainable params: 0
----------------------------------------------------------------
Input size (MB): 0.57
Forward/backward pass size (MB): 49.77
Params size (MB): 0.51
Estimated Total Size (MB): 50.85
----------------------------------------------------------------
Epoch 1 
            	 Training Loss: 2.038 
            	 Validation Loss: 1.964 
            	 Epoch Train Accuracy (%): 17.42
            	 Epoch Validation Accuracy (%): 26.53 
            	 Epoch Time (s): 6.5
        
Epoch 2 
            	 Training Loss: 1.86 
            	 Validation Loss: 1.809 
            	 Epoch Train Accuracy (%): 25.8
            	 Epoch Validation Accuracy (%): 28.12 
            	 Epoch Time (s): 6.3
        
Epoch 3 
            	 Training Loss: 1.767 
            	 Validation Loss: 1.772 
            	 Epoch Train Accuracy (%): 28.59
            	 Epoch Validation Accuracy (%): 30.5 
            	 Epoch Time (s): 6.6
        
Epoch 4 
            	 Training Loss: 1.681 
            	 Validation Loss: 1.654 
            	 Epoch Train Accuracy (%): 37.37
            	 Epoch Validation Accuracy (%): 36.34 
            	 Epoch Time (s): 6.4
        
Epoch 5 
            	 Training Loss: 1.543 
            	 Validation Loss: 1.628 
            	 Epoch Train Accuracy (%): 42.15
            	 Epoch Validation Accuracy (%): 41.38 
            	 Epoch Time (s): 6.2
        
Epoch 6 
            	 Training Loss: 1.42 
            	 Validation Loss: 1.587 
            	 Epoch Train Accuracy (%): 47.67
            	 Epoch Validation Accuracy (%): 39.26 
            	 Epoch Time (s): 6.7
        
Epoch 7 
            	 Training Loss: 1.306 
            	 Validation Loss: 1.261 
            	 Epoch Train Accuracy (%): 51.73
            	 Epoch Validation Accuracy (%): 50.93 
            	 Epoch Time (s): 6.6
        
Epoch 8 
            	 Training Loss: 1.17 
            	 Validation Loss: 1.188 
            	 Epoch Train Accuracy (%): 57.58
            	 Epoch Validation Accuracy (%): 51.72 
            	 Epoch Time (s): 6.4
        
Epoch 9 
            	 Training Loss: 1.105 
            	 Validation Loss: 1.096 
            	 Epoch Train Accuracy (%): 60.9
            	 Epoch Validation Accuracy (%): 59.68 
            	 Epoch Time (s): 6.5
        
Epoch 10 
            	 Training Loss: 0.979 
            	 Validation Loss: 1.045 
            	 Epoch Train Accuracy (%): 64.69
            	 Epoch Validation Accuracy (%): 63.13 
            	 Epoch Time (s): 6.2
        
Saved model to:  ../checkpoints/20230310_192054_cnn_model.pt
Saved training report to:  ../report/20230310_192054_training_report.csv
../checkpoints/20230310_191632_cnn_model.pt
tensor([[ 91.,   7.,   6.,   3.,   1.,  11.,   0.,   0.],
        [  7., 106.,   0.,   2.,   0.,   6.,   0.,   1.],
        [ 13.,   0.,  95.,   0.,   0.,   6.,   1.,   2.],
        [  0.,   2.,   0.,  64.,   0.,   0.,   1.,   1.],
        [  0.,   0.,   0.,   2.,  85.,   0.,   7.,   6.],
        [  7.,   1.,   0.,   1.,   0.,  90.,   0.,   3.],
        [  0.,   0.,   0.,   2.,   8.,   0.,  71.,   3.],
        [  0.,   0.,   0.,   2.,   0.,   1.,   0.,  92.]])
              accuracy  precision  recall  f1_score
Opencountry      0.932      0.765   0.771     0.768
coast            0.968      0.869   0.914     0.891
forest           0.965      0.812   0.941     0.872
highway          0.980      0.941   0.842     0.889
inside_city      0.970      0.850   0.904     0.876
mountain         0.955      0.882   0.789     0.833
street           0.973      0.845   0.888     0.866
tallbuilding     0.976      0.968   0.852     0.906
             overall
accuracy       0.860
f1_mirco       0.860
f1_macro       0.863
f1_weighted    0.860
