True
True
['Opencountry', 'coast', 'forest', 'highway', 'inside_city', 'mountain', 'street', 'tallbuilding']
[(7, 'tallbuilding'), (4, 'inside_city'), (6, 'street'), (3, 'highway'), (5, 'mountain'), (0, 'Opencountry'), (1, 'coast'), (2, 'forest')]
[(7, 'tallbuilding'), (4, 'inside_city'), (6, 'street'), (3, 'highway'), (5, 'mountain'), (0, 'Opencountry'), (1, 'coast'), (2, 'forest')]
1504 377
Train set size:  1504
Validation set size:  377
Test set size:  807
Current device: cuda
Is Model on CUDA: True
----------------------------------------------------------------
        Layer (type)               Output Shape         Param #
================================================================
            Conv2d-1         [-1, 32, 224, 224]             896
         MaxPool2d-2         [-1, 32, 112, 112]               0
            Conv2d-3         [-1, 32, 224, 224]           1,056
         MaxPool2d-4         [-1, 32, 112, 112]               0
            Conv2d-5         [-1, 64, 112, 112]          18,496
         MaxPool2d-6           [-1, 64, 56, 56]               0
            Conv2d-7         [-1, 64, 112, 112]           4,160
         MaxPool2d-8           [-1, 64, 56, 56]               0
            Conv2d-9          [-1, 128, 56, 56]          73,856
        MaxPool2d-10          [-1, 128, 28, 28]               0
AdaptiveAvgPool2d-11            [-1, 128, 1, 1]               0
           Linear-12                  [-1, 256]          33,024
           Linear-13                    [-1, 8]           2,056
================================================================
Total params: 133,544
Trainable params: 133,544
Non-trainable params: 0
----------------------------------------------------------------
Input size (MB): 0.57
Forward/backward pass size (MB): 49.77
Params size (MB): 0.51
Estimated Total Size (MB): 50.85
----------------------------------------------------------------
Epoch 1 
            	 Training Loss: 1.979 
            	 Validation Loss: 1.854 
            	 Epoch Train Accuracy (%): 20.01
            	 Epoch Validation Accuracy (%): 25.2 
            	 Epoch Time (s): 6.2
        
Epoch 2 
            	 Training Loss: 1.726 
            	 Validation Loss: 1.719 
            	 Epoch Train Accuracy (%): 33.24
            	 Epoch Validation Accuracy (%): 34.22 
            	 Epoch Time (s): 6.1
        
Epoch 3 
            	 Training Loss: 1.583 
            	 Validation Loss: 1.53 
            	 Epoch Train Accuracy (%): 38.9
            	 Epoch Validation Accuracy (%): 44.83 
            	 Epoch Time (s): 6.3
        
Epoch 4 
            	 Training Loss: 1.458 
            	 Validation Loss: 1.383 
            	 Epoch Train Accuracy (%): 45.68
            	 Epoch Validation Accuracy (%): 49.07 
            	 Epoch Time (s): 6.5
        
Epoch 5 
            	 Training Loss: 1.373 
            	 Validation Loss: 1.312 
            	 Epoch Train Accuracy (%): 49.47
            	 Epoch Validation Accuracy (%): 52.79 
            	 Epoch Time (s): 6.4
        
Epoch 6 
            	 Training Loss: 1.247 
            	 Validation Loss: 1.246 
            	 Epoch Train Accuracy (%): 53.26
            	 Epoch Validation Accuracy (%): 55.97 
            	 Epoch Time (s): 6.7
        
Epoch 7 
            	 Training Loss: 1.186 
            	 Validation Loss: 1.154 
            	 Epoch Train Accuracy (%): 56.45
            	 Epoch Validation Accuracy (%): 58.36 
            	 Epoch Time (s): 6.4
        
Epoch 8 
            	 Training Loss: 1.146 
            	 Validation Loss: 1.204 
            	 Epoch Train Accuracy (%): 58.05
            	 Epoch Validation Accuracy (%): 56.5 
            	 Epoch Time (s): 6.3
        
Epoch 9 
            	 Training Loss: 1.073 
            	 Validation Loss: 1.14 
            	 Epoch Train Accuracy (%): 60.11
            	 Epoch Validation Accuracy (%): 57.56 
            	 Epoch Time (s): 6.5
        
Epoch 10 
            	 Training Loss: 1.013 
            	 Validation Loss: 1.096 
            	 Epoch Train Accuracy (%): 63.23
            	 Epoch Validation Accuracy (%): 61.01 
            	 Epoch Time (s): 6.0
        
Epoch 11 
            	 Training Loss: 0.995 
            	 Validation Loss: 1.01 
            	 Epoch Train Accuracy (%): 63.56
            	 Epoch Validation Accuracy (%): 64.72 
            	 Epoch Time (s): 6.7
        
Epoch 12 
            	 Training Loss: 0.941 
            	 Validation Loss: 1.025 
            	 Epoch Train Accuracy (%): 65.56
            	 Epoch Validation Accuracy (%): 60.21 
            	 Epoch Time (s): 6.7
        
Epoch 13 
            	 Training Loss: 0.935 
            	 Validation Loss: 0.923 
            	 Epoch Train Accuracy (%): 65.62
            	 Epoch Validation Accuracy (%): 65.52 
            	 Epoch Time (s): 6.2
        
Epoch 14 
            	 Training Loss: 0.84 
            	 Validation Loss: 0.985 
            	 Epoch Train Accuracy (%): 69.55
            	 Epoch Validation Accuracy (%): 63.93 
            	 Epoch Time (s): 7.0
        
Epoch 15 
            	 Training Loss: 0.815 
            	 Validation Loss: 0.925 
            	 Epoch Train Accuracy (%): 70.08
            	 Epoch Validation Accuracy (%): 66.05 
            	 Epoch Time (s): 7.6
        
Epoch 16 
            	 Training Loss: 0.754 
            	 Validation Loss: 0.813 
            	 Epoch Train Accuracy (%): 73.14
            	 Epoch Validation Accuracy (%): 70.82 
            	 Epoch Time (s): 7.0
        
Epoch 17 
            	 Training Loss: 0.766 
            	 Validation Loss: 0.811 
            	 Epoch Train Accuracy (%): 71.94
            	 Epoch Validation Accuracy (%): 70.29 
            	 Epoch Time (s): 7.1
        
Epoch 18 
            	 Training Loss: 0.703 
            	 Validation Loss: 0.781 
            	 Epoch Train Accuracy (%): 74.93
            	 Epoch Validation Accuracy (%): 72.94 
            	 Epoch Time (s): 7.7
        
Epoch 19 
            	 Training Loss: 0.678 
            	 Validation Loss: 0.708 
            	 Epoch Train Accuracy (%): 75.66
            	 Epoch Validation Accuracy (%): 75.33 
            	 Epoch Time (s): 6.9
        
Epoch 20 
            	 Training Loss: 0.666 
            	 Validation Loss: 0.801 
            	 Epoch Train Accuracy (%): 76.6
            	 Epoch Validation Accuracy (%): 72.41 
            	 Epoch Time (s): 7.6
        
Epoch 21 
            	 Training Loss: 0.663 
            	 Validation Loss: 0.705 
            	 Epoch Train Accuracy (%): 76.13
            	 Epoch Validation Accuracy (%): 75.86 
            	 Epoch Time (s): 7.4
        
Epoch 22 
            	 Training Loss: 0.635 
            	 Validation Loss: 0.711 
            	 Epoch Train Accuracy (%): 77.33
            	 Epoch Validation Accuracy (%): 76.66 
            	 Epoch Time (s): 7.5
        
Epoch 23 
            	 Training Loss: 0.621 
            	 Validation Loss: 0.702 
            	 Epoch Train Accuracy (%): 77.99
            	 Epoch Validation Accuracy (%): 77.72 
            	 Epoch Time (s): 6.9
        
Epoch 24 
            	 Training Loss: 0.603 
            	 Validation Loss: 0.696 
            	 Epoch Train Accuracy (%): 77.93
            	 Epoch Validation Accuracy (%): 75.86 
            	 Epoch Time (s): 6.5
        
Epoch 25 
            	 Training Loss: 0.58 
            	 Validation Loss: 0.694 
            	 Epoch Train Accuracy (%): 78.92
            	 Epoch Validation Accuracy (%): 76.66 
            	 Epoch Time (s): 7.8
        
Epoch 26 
            	 Training Loss: 0.629 
            	 Validation Loss: 0.669 
            	 Epoch Train Accuracy (%): 76.8
            	 Epoch Validation Accuracy (%): 78.51 
            	 Epoch Time (s): 6.7
        
Epoch 27 
            	 Training Loss: 0.55 
            	 Validation Loss: 0.641 
            	 Epoch Train Accuracy (%): 79.72
            	 Epoch Validation Accuracy (%): 77.19 
            	 Epoch Time (s): 6.8
        
Epoch 28 
            	 Training Loss: 0.541 
            	 Validation Loss: 0.609 
            	 Epoch Train Accuracy (%): 80.72
            	 Epoch Validation Accuracy (%): 79.58 
            	 Epoch Time (s): 6.1
        
Epoch 29 
            	 Training Loss: 0.536 
            	 Validation Loss: 0.68 
            	 Epoch Train Accuracy (%): 80.52
            	 Epoch Validation Accuracy (%): 77.45 
            	 Epoch Time (s): 6.2
        
Epoch 30 
            	 Training Loss: 0.536 
            	 Validation Loss: 0.668 
            	 Epoch Train Accuracy (%): 79.52
            	 Epoch Validation Accuracy (%): 77.45 
            	 Epoch Time (s): 7.3
        
Epoch 31 
            	 Training Loss: 0.508 
            	 Validation Loss: 0.706 
            	 Epoch Train Accuracy (%): 81.52
            	 Epoch Validation Accuracy (%): 76.39 
            	 Epoch Time (s): 6.0
        
Epoch 32 
            	 Training Loss: 0.54 
            	 Validation Loss: 0.642 
            	 Epoch Train Accuracy (%): 80.45
            	 Epoch Validation Accuracy (%): 78.78 
            	 Epoch Time (s): 6.2
        
Epoch 33 
            	 Training Loss: 0.474 
            	 Validation Loss: 0.691 
            	 Epoch Train Accuracy (%): 83.64
            	 Epoch Validation Accuracy (%): 78.78 
            	 Epoch Time (s): 6.1
        
Epoch 34 
            	 Training Loss: 0.5 
            	 Validation Loss: 0.617 
            	 Epoch Train Accuracy (%): 81.05
            	 Epoch Validation Accuracy (%): 81.43 
            	 Epoch Time (s): 6.6
        
Epoch 35 
            	 Training Loss: 0.473 
            	 Validation Loss: 0.628 
            	 Epoch Train Accuracy (%): 83.38
            	 Epoch Validation Accuracy (%): 81.7 
            	 Epoch Time (s): 6.3
        
Epoch 36 
            	 Training Loss: 0.483 
            	 Validation Loss: 0.64 
            	 Epoch Train Accuracy (%): 82.38
            	 Epoch Validation Accuracy (%): 80.11 
            	 Epoch Time (s): 6.3
        
Epoch 37 
            	 Training Loss: 0.437 
            	 Validation Loss: 0.674 
            	 Epoch Train Accuracy (%): 84.64
            	 Epoch Validation Accuracy (%): 75.86 
            	 Epoch Time (s): 6.6
        
Epoch 38 
            	 Training Loss: 0.435 
            	 Validation Loss: 0.608 
            	 Epoch Train Accuracy (%): 84.18
            	 Epoch Validation Accuracy (%): 81.96 
            	 Epoch Time (s): 7.5
        
Epoch 39 
            	 Training Loss: 0.469 
            	 Validation Loss: 0.634 
            	 Epoch Train Accuracy (%): 82.25
            	 Epoch Validation Accuracy (%): 81.43 
            	 Epoch Time (s): 6.4
        
Epoch 40 
            	 Training Loss: 0.419 
            	 Validation Loss: 0.714 
            	 Epoch Train Accuracy (%): 85.24
            	 Epoch Validation Accuracy (%): 78.78 
            	 Epoch Time (s): 6.1
        
Epoch 41 
            	 Training Loss: 0.448 
            	 Validation Loss: 0.573 
            	 Epoch Train Accuracy (%): 82.78
            	 Epoch Validation Accuracy (%): 81.43 
            	 Epoch Time (s): 7.3
        
Epoch 42 
            	 Training Loss: 0.412 
            	 Validation Loss: 0.612 
            	 Epoch Train Accuracy (%): 85.7
            	 Epoch Validation Accuracy (%): 78.51 
            	 Epoch Time (s): 6.5
        
Epoch 43 
            	 Training Loss: 0.408 
            	 Validation Loss: 0.574 
            	 Epoch Train Accuracy (%): 84.97
            	 Epoch Validation Accuracy (%): 80.37 
            	 Epoch Time (s): 6.9
        
Epoch 44 
            	 Training Loss: 0.45 
            	 Validation Loss: 0.562 
            	 Epoch Train Accuracy (%): 84.18
            	 Epoch Validation Accuracy (%): 81.96 
            	 Epoch Time (s): 6.9
        
Epoch 45 
            	 Training Loss: 0.413 
            	 Validation Loss: 0.568 
            	 Epoch Train Accuracy (%): 85.37
            	 Epoch Validation Accuracy (%): 81.7 
            	 Epoch Time (s): 6.8
        
Epoch 46 
            	 Training Loss: 0.356 
            	 Validation Loss: 0.572 
            	 Epoch Train Accuracy (%): 86.17
            	 Epoch Validation Accuracy (%): 82.76 
            	 Epoch Time (s): 6.4
        
Epoch 47 
            	 Training Loss: 0.385 
            	 Validation Loss: 0.58 
            	 Epoch Train Accuracy (%): 85.51
            	 Epoch Validation Accuracy (%): 80.9 
            	 Epoch Time (s): 6.3
        
Epoch 48 
            	 Training Loss: 0.381 
            	 Validation Loss: 0.519 
            	 Epoch Train Accuracy (%): 86.77
            	 Epoch Validation Accuracy (%): 83.29 
            	 Epoch Time (s): 6.2
        
Epoch 49 
            	 Training Loss: 0.374 
            	 Validation Loss: 0.612 
            	 Epoch Train Accuracy (%): 85.97
            	 Epoch Validation Accuracy (%): 82.49 
            	 Epoch Time (s): 6.9
        
Epoch 50 
            	 Training Loss: 0.342 
            	 Validation Loss: 0.57 
            	 Epoch Train Accuracy (%): 87.17
            	 Epoch Validation Accuracy (%): 83.02 
            	 Epoch Time (s): 6.4
        
Epoch 51 
            	 Training Loss: 0.318 
            	 Validation Loss: 0.617 
            	 Epoch Train Accuracy (%): 88.3
            	 Epoch Validation Accuracy (%): 83.82 
            	 Epoch Time (s): 6.5
        
Epoch 52 
            	 Training Loss: 0.334 
            	 Validation Loss: 0.515 
            	 Epoch Train Accuracy (%): 88.16
            	 Epoch Validation Accuracy (%): 84.88 
            	 Epoch Time (s): 6.4
        
Epoch 53 
            	 Training Loss: 0.327 
            	 Validation Loss: 0.597 
            	 Epoch Train Accuracy (%): 87.97
            	 Epoch Validation Accuracy (%): 83.82 
            	 Epoch Time (s): 6.4
        
Epoch 54 
            	 Training Loss: 0.312 
            	 Validation Loss: 0.536 
            	 Epoch Train Accuracy (%): 88.83
            	 Epoch Validation Accuracy (%): 83.82 
            	 Epoch Time (s): 8.7
        
Epoch 55 
            	 Training Loss: 0.304 
            	 Validation Loss: 0.639 
            	 Epoch Train Accuracy (%): 88.76
            	 Epoch Validation Accuracy (%): 80.9 
            	 Epoch Time (s): 6.6
        
Epoch 56 
            	 Training Loss: 0.331 
            	 Validation Loss: 0.645 
            	 Epoch Train Accuracy (%): 88.03
            	 Epoch Validation Accuracy (%): 80.37 
            	 Epoch Time (s): 6.6
        
Epoch 57 
            	 Training Loss: 0.327 
            	 Validation Loss: 0.577 
            	 Epoch Train Accuracy (%): 87.83
            	 Epoch Validation Accuracy (%): 84.35 
            	 Epoch Time (s): 6.5
        
Epoch 58 
            	 Training Loss: 0.288 
            	 Validation Loss: 0.495 
            	 Epoch Train Accuracy (%): 89.56
            	 Epoch Validation Accuracy (%): 85.15 
            	 Epoch Time (s): 6.3
        
Epoch 59 
            	 Training Loss: 0.272 
            	 Validation Loss: 0.585 
            	 Epoch Train Accuracy (%): 90.09
            	 Epoch Validation Accuracy (%): 82.76 
            	 Epoch Time (s): 6.6
        
Epoch 60 
            	 Training Loss: 0.279 
            	 Validation Loss: 0.517 
            	 Epoch Train Accuracy (%): 88.96
            	 Epoch Validation Accuracy (%): 84.88 
            	 Epoch Time (s): 7.0
        
Epoch 61 
            	 Training Loss: 0.305 
            	 Validation Loss: 0.574 
            	 Epoch Train Accuracy (%): 88.63
            	 Epoch Validation Accuracy (%): 83.02 
            	 Epoch Time (s): 6.4
        
Epoch 62 
            	 Training Loss: 0.281 
            	 Validation Loss: 0.581 
            	 Epoch Train Accuracy (%): 89.83
            	 Epoch Validation Accuracy (%): 84.08 
            	 Epoch Time (s): 6.5
        
Epoch 63 
            	 Training Loss: 0.273 
            	 Validation Loss: 0.59 
            	 Epoch Train Accuracy (%): 90.82
            	 Epoch Validation Accuracy (%): 83.02 
            	 Epoch Time (s): 6.4
        
Epoch 64 
            	 Training Loss: 0.275 
            	 Validation Loss: 0.778 
            	 Epoch Train Accuracy (%): 90.69
            	 Epoch Validation Accuracy (%): 79.58 
            	 Epoch Time (s): 6.4
        
Epoch 65 
            	 Training Loss: 0.274 
            	 Validation Loss: 0.637 
            	 Epoch Train Accuracy (%): 89.96
            	 Epoch Validation Accuracy (%): 84.35 
            	 Epoch Time (s): 6.4
        
Epoch 66 
            	 Training Loss: 0.256 
            	 Validation Loss: 0.574 
            	 Epoch Train Accuracy (%): 90.49
            	 Epoch Validation Accuracy (%): 84.08 
            	 Epoch Time (s): 6.3
        
Epoch 67 
            	 Training Loss: 0.231 
            	 Validation Loss: 0.643 
            	 Epoch Train Accuracy (%): 91.76
            	 Epoch Validation Accuracy (%): 81.96 
            	 Epoch Time (s): 6.5
        
Epoch 68 
            	 Training Loss: 0.26 
            	 Validation Loss: 0.549 
            	 Epoch Train Accuracy (%): 90.82
            	 Epoch Validation Accuracy (%): 82.49 
            	 Epoch Time (s): 6.2
        
Epoch 69 
            	 Training Loss: 0.247 
            	 Validation Loss: 0.531 
            	 Epoch Train Accuracy (%): 91.56
            	 Epoch Validation Accuracy (%): 84.35 
            	 Epoch Time (s): 6.3
        
Epoch 70 
            	 Training Loss: 0.232 
            	 Validation Loss: 0.61 
            	 Epoch Train Accuracy (%): 90.96
            	 Epoch Validation Accuracy (%): 83.82 
            	 Epoch Time (s): 6.3
        
Epoch 71 
            	 Training Loss: 0.22 
            	 Validation Loss: 0.529 
            	 Epoch Train Accuracy (%): 91.76
            	 Epoch Validation Accuracy (%): 84.88 
            	 Epoch Time (s): 6.2
        
Epoch 72 
            	 Training Loss: 0.237 
            	 Validation Loss: 0.596 
            	 Epoch Train Accuracy (%): 91.42
            	 Epoch Validation Accuracy (%): 83.02 
            	 Epoch Time (s): 6.4
        
Epoch 73 
            	 Training Loss: 0.233 
            	 Validation Loss: 0.679 
            	 Epoch Train Accuracy (%): 91.22
            	 Epoch Validation Accuracy (%): 82.76 
            	 Epoch Time (s): 6.2
        
Epoch 74 
            	 Training Loss: 0.289 
            	 Validation Loss: 0.504 
            	 Epoch Train Accuracy (%): 90.43
            	 Epoch Validation Accuracy (%): 85.94 
            	 Epoch Time (s): 6.4
        
Epoch 75 
            	 Training Loss: 0.2 
            	 Validation Loss: 0.59 
            	 Epoch Train Accuracy (%): 93.09
            	 Epoch Validation Accuracy (%): 81.7 
            	 Epoch Time (s): 6.2
        
Epoch 76 
            	 Training Loss: 0.213 
            	 Validation Loss: 0.664 
            	 Epoch Train Accuracy (%): 92.42
            	 Epoch Validation Accuracy (%): 82.76 
            	 Epoch Time (s): 6.5
        
Epoch 77 
            	 Training Loss: 0.22 
            	 Validation Loss: 0.533 
            	 Epoch Train Accuracy (%): 92.09
            	 Epoch Validation Accuracy (%): 85.15 
            	 Epoch Time (s): 6.7
        
Epoch 78 
            	 Training Loss: 0.185 
            	 Validation Loss: 0.65 
            	 Epoch Train Accuracy (%): 93.48
            	 Epoch Validation Accuracy (%): 84.08 
            	 Epoch Time (s): 6.5
        
Epoch 79 
            	 Training Loss: 0.236 
            	 Validation Loss: 0.567 
            	 Epoch Train Accuracy (%): 91.09
            	 Epoch Validation Accuracy (%): 83.29 
            	 Epoch Time (s): 6.6
        
Epoch 80 
            	 Training Loss: 0.18 
            	 Validation Loss: 0.64 
            	 Epoch Train Accuracy (%): 93.88
            	 Epoch Validation Accuracy (%): 81.43 
            	 Epoch Time (s): 6.4
        
Epoch 81 
            	 Training Loss: 0.198 
            	 Validation Loss: 0.52 
            	 Epoch Train Accuracy (%): 92.35
            	 Epoch Validation Accuracy (%): 86.47 
            	 Epoch Time (s): 6.2
        
Epoch 82 
            	 Training Loss: 0.164 
            	 Validation Loss: 0.511 
            	 Epoch Train Accuracy (%): 94.35
            	 Epoch Validation Accuracy (%): 88.06 
            	 Epoch Time (s): 6.5
        
Epoch 83 
            	 Training Loss: 0.196 
            	 Validation Loss: 0.626 
            	 Epoch Train Accuracy (%): 92.49
            	 Epoch Validation Accuracy (%): 85.41 
            	 Epoch Time (s): 6.3
        
Epoch 84 
            	 Training Loss: 0.183 
            	 Validation Loss: 0.57 
            	 Epoch Train Accuracy (%): 92.95
            	 Epoch Validation Accuracy (%): 85.41 
            	 Epoch Time (s): 6.3
        
Epoch 85 
            	 Training Loss: 0.172 
            	 Validation Loss: 0.75 
            	 Epoch Train Accuracy (%): 93.82
            	 Epoch Validation Accuracy (%): 82.49 
            	 Epoch Time (s): 6.4
        
Epoch 86 
            	 Training Loss: 0.197 
            	 Validation Loss: 0.651 
            	 Epoch Train Accuracy (%): 92.95
            	 Epoch Validation Accuracy (%): 84.62 
            	 Epoch Time (s): 6.7
        
Epoch 87 
            	 Training Loss: 0.18 
            	 Validation Loss: 0.602 
            	 Epoch Train Accuracy (%): 93.55
            	 Epoch Validation Accuracy (%): 83.55 
            	 Epoch Time (s): 6.5
        
Epoch 88 
            	 Training Loss: 0.143 
            	 Validation Loss: 0.607 
            	 Epoch Train Accuracy (%): 94.81
            	 Epoch Validation Accuracy (%): 82.76 
            	 Epoch Time (s): 6.7
        
Epoch 89 
            	 Training Loss: 0.154 
            	 Validation Loss: 0.529 
            	 Epoch Train Accuracy (%): 93.82
            	 Epoch Validation Accuracy (%): 85.41 
            	 Epoch Time (s): 6.6
        
Epoch 90 
            	 Training Loss: 0.147 
            	 Validation Loss: 0.573 
            	 Epoch Train Accuracy (%): 94.41
            	 Epoch Validation Accuracy (%): 83.82 
            	 Epoch Time (s): 6.2
        
Epoch 91 
            	 Training Loss: 0.151 
            	 Validation Loss: 0.589 
            	 Epoch Train Accuracy (%): 94.68
            	 Epoch Validation Accuracy (%): 85.41 
            	 Epoch Time (s): 6.4
        
Epoch 92 
            	 Training Loss: 0.179 
            	 Validation Loss: 0.602 
            	 Epoch Train Accuracy (%): 93.68
            	 Epoch Validation Accuracy (%): 84.35 
            	 Epoch Time (s): 6.4
        
Epoch 93 
            	 Training Loss: 0.139 
            	 Validation Loss: 0.545 
            	 Epoch Train Accuracy (%): 95.01
            	 Epoch Validation Accuracy (%): 85.15 
            	 Epoch Time (s): 6.5
        
Epoch 94 
            	 Training Loss: 0.136 
            	 Validation Loss: 0.594 
            	 Epoch Train Accuracy (%): 94.75
            	 Epoch Validation Accuracy (%): 88.06 
            	 Epoch Time (s): 6.5
        
Epoch 95 
            	 Training Loss: 0.143 
            	 Validation Loss: 0.689 
            	 Epoch Train Accuracy (%): 94.88
            	 Epoch Validation Accuracy (%): 84.35 
            	 Epoch Time (s): 6.3
        
Epoch 96 
            	 Training Loss: 0.153 
            	 Validation Loss: 0.641 
            	 Epoch Train Accuracy (%): 95.01
            	 Epoch Validation Accuracy (%): 85.41 
            	 Epoch Time (s): 6.5
        
Epoch 97 
            	 Training Loss: 0.144 
            	 Validation Loss: 0.668 
            	 Epoch Train Accuracy (%): 94.68
            	 Epoch Validation Accuracy (%): 84.08 
            	 Epoch Time (s): 6.5
        
Epoch 98 
            	 Training Loss: 0.152 
            	 Validation Loss: 0.602 
            	 Epoch Train Accuracy (%): 95.08
            	 Epoch Validation Accuracy (%): 86.47 
            	 Epoch Time (s): 6.3
        
Epoch 99 
            	 Training Loss: 0.155 
            	 Validation Loss: 0.665 
            	 Epoch Train Accuracy (%): 94.75
            	 Epoch Validation Accuracy (%): 85.41 
            	 Epoch Time (s): 6.5
        
Epoch 100 
            	 Training Loss: 0.119 
            	 Validation Loss: 0.663 
            	 Epoch Train Accuracy (%): 95.81
            	 Epoch Validation Accuracy (%): 85.41 
            	 Epoch Time (s): 6.4
        
Epoch 101 
            	 Training Loss: 0.122 
            	 Validation Loss: 0.653 
            	 Epoch Train Accuracy (%): 95.61
            	 Epoch Validation Accuracy (%): 85.15 
            	 Epoch Time (s): 6.4
        
Epoch 102 
            	 Training Loss: 0.125 
            	 Validation Loss: 0.564 
            	 Epoch Train Accuracy (%): 95.74
            	 Epoch Validation Accuracy (%): 88.33 
            	 Epoch Time (s): 6.8
        
Epoch 103 
            	 Training Loss: 0.126 
            	 Validation Loss: 0.681 
            	 Epoch Train Accuracy (%): 95.48
            	 Epoch Validation Accuracy (%): 85.41 
            	 Epoch Time (s): 6.4
        
Epoch 104 
            	 Training Loss: 0.161 
            	 Validation Loss: 0.633 
            	 Epoch Train Accuracy (%): 94.55
            	 Epoch Validation Accuracy (%): 85.41 
            	 Epoch Time (s): 6.0
        
Epoch 105 
            	 Training Loss: 0.12 
            	 Validation Loss: 0.641 
            	 Epoch Train Accuracy (%): 95.94
            	 Epoch Validation Accuracy (%): 84.88 
            	 Epoch Time (s): 6.3
        
Epoch 106 
            	 Training Loss: 0.115 
            	 Validation Loss: 0.612 
            	 Epoch Train Accuracy (%): 96.08
            	 Epoch Validation Accuracy (%): 88.06 
            	 Epoch Time (s): 6.2
        
Epoch 107 
            	 Training Loss: 0.084 
            	 Validation Loss: 0.707 
            	 Epoch Train Accuracy (%): 96.94
            	 Epoch Validation Accuracy (%): 87.0 
            	 Epoch Time (s): 6.2
        
Epoch 108 
            	 Training Loss: 0.071 
            	 Validation Loss: 0.662 
            	 Epoch Train Accuracy (%): 97.47
            	 Epoch Validation Accuracy (%): 85.41 
            	 Epoch Time (s): 6.3
        
Epoch 109 
            	 Training Loss: 0.11 
            	 Validation Loss: 0.716 
            	 Epoch Train Accuracy (%): 96.41
            	 Epoch Validation Accuracy (%): 84.08 
            	 Epoch Time (s): 6.4
        
Epoch 110 
            	 Training Loss: 0.109 
            	 Validation Loss: 0.628 
            	 Epoch Train Accuracy (%): 95.88
            	 Epoch Validation Accuracy (%): 84.88 
            	 Epoch Time (s): 6.2
        
Epoch 111 
            	 Training Loss: 0.134 
            	 Validation Loss: 0.78 
            	 Epoch Train Accuracy (%): 95.48
            	 Epoch Validation Accuracy (%): 83.29 
            	 Epoch Time (s): 6.4
        
Epoch 112 
            	 Training Loss: 0.116 
            	 Validation Loss: 0.862 
            	 Epoch Train Accuracy (%): 95.68
            	 Epoch Validation Accuracy (%): 83.29 
            	 Epoch Time (s): 7.8
        
Epoch 113 
            	 Training Loss: 0.133 
            	 Validation Loss: 0.671 
            	 Epoch Train Accuracy (%): 95.55
            	 Epoch Validation Accuracy (%): 85.68 
            	 Epoch Time (s): 6.7
        
Epoch 114 
            	 Training Loss: 0.169 
            	 Validation Loss: 0.75 
            	 Epoch Train Accuracy (%): 94.02
            	 Epoch Validation Accuracy (%): 84.35 
            	 Epoch Time (s): 6.4
        
Epoch 115 
            	 Training Loss: 0.103 
            	 Validation Loss: 0.685 
            	 Epoch Train Accuracy (%): 96.21
            	 Epoch Validation Accuracy (%): 85.94 
            	 Epoch Time (s): 7.5
        
Epoch 116 
            	 Training Loss: 0.081 
            	 Validation Loss: 0.702 
            	 Epoch Train Accuracy (%): 96.94
            	 Epoch Validation Accuracy (%): 85.94 
            	 Epoch Time (s): 7.6
        
Epoch 117 
            	 Training Loss: 0.078 
            	 Validation Loss: 0.517 
            	 Epoch Train Accuracy (%): 97.47
            	 Epoch Validation Accuracy (%): 88.59 
            	 Epoch Time (s): 6.3
        
Epoch 118 
            	 Training Loss: 0.099 
            	 Validation Loss: 0.65 
            	 Epoch Train Accuracy (%): 96.41
            	 Epoch Validation Accuracy (%): 87.53 
            	 Epoch Time (s): 6.6
        
Epoch 119 
            	 Training Loss: 0.086 
            	 Validation Loss: 0.68 
            	 Epoch Train Accuracy (%): 97.14
            	 Epoch Validation Accuracy (%): 85.15 
            	 Epoch Time (s): 6.3
        
Epoch 120 
            	 Training Loss: 0.058 
            	 Validation Loss: 0.741 
            	 Epoch Train Accuracy (%): 98.34
            	 Epoch Validation Accuracy (%): 85.15 
            	 Epoch Time (s): 6.7
        
Epoch 121 
            	 Training Loss: 0.093 
            	 Validation Loss: 0.752 
            	 Epoch Train Accuracy (%): 96.88
            	 Epoch Validation Accuracy (%): 87.0 
            	 Epoch Time (s): 8.4
        
Epoch 122 
            	 Training Loss: 0.119 
            	 Validation Loss: 0.751 
            	 Epoch Train Accuracy (%): 95.74
            	 Epoch Validation Accuracy (%): 84.35 
            	 Epoch Time (s): 6.3
        
Epoch 123 
            	 Training Loss: 0.086 
            	 Validation Loss: 0.794 
            	 Epoch Train Accuracy (%): 97.61
            	 Epoch Validation Accuracy (%): 84.62 
            	 Epoch Time (s): 6.4
        
Epoch 124 
            	 Training Loss: 0.107 
            	 Validation Loss: 0.658 
            	 Epoch Train Accuracy (%): 96.21
            	 Epoch Validation Accuracy (%): 87.27 
            	 Epoch Time (s): 6.7
        
Epoch 125 
            	 Training Loss: 0.053 
            	 Validation Loss: 0.681 
            	 Epoch Train Accuracy (%): 98.34
            	 Epoch Validation Accuracy (%): 85.94 
            	 Epoch Time (s): 6.2
        
Epoch 126 
            	 Training Loss: 0.136 
            	 Validation Loss: 0.558 
            	 Epoch Train Accuracy (%): 95.35
            	 Epoch Validation Accuracy (%): 88.59 
            	 Epoch Time (s): 8.7
        
Epoch 127 
            	 Training Loss: 0.099 
            	 Validation Loss: 0.785 
            	 Epoch Train Accuracy (%): 97.01
            	 Epoch Validation Accuracy (%): 84.62 
            	 Epoch Time (s): 6.9
        
Epoch 128 
            	 Training Loss: 0.077 
            	 Validation Loss: 0.785 
            	 Epoch Train Accuracy (%): 97.14
            	 Epoch Validation Accuracy (%): 84.35 
            	 Epoch Time (s): 7.7
        
Epoch 129 
            	 Training Loss: 0.087 
            	 Validation Loss: 0.67 
            	 Epoch Train Accuracy (%): 96.48
            	 Epoch Validation Accuracy (%): 86.47 
            	 Epoch Time (s): 7.5
        
Epoch 130 
            	 Training Loss: 0.119 
            	 Validation Loss: 0.634 
            	 Epoch Train Accuracy (%): 96.41
            	 Epoch Validation Accuracy (%): 83.55 
            	 Epoch Time (s): 7.2
        
Epoch 131 
            	 Training Loss: 0.063 
            	 Validation Loss: 0.778 
            	 Epoch Train Accuracy (%): 97.87
            	 Epoch Validation Accuracy (%): 85.94 
            	 Epoch Time (s): 6.8
        
Epoch 132 
            	 Training Loss: 0.067 
            	 Validation Loss: 0.818 
            	 Epoch Train Accuracy (%): 97.54
            	 Epoch Validation Accuracy (%): 87.27 
            	 Epoch Time (s): 7.9
        
Epoch 133 
            	 Training Loss: 0.123 
            	 Validation Loss: 0.905 
            	 Epoch Train Accuracy (%): 96.01
            	 Epoch Validation Accuracy (%): 83.55 
            	 Epoch Time (s): 6.8
        
Epoch 134 
            	 Training Loss: 0.078 
            	 Validation Loss: 0.73 
            	 Epoch Train Accuracy (%): 97.41
            	 Epoch Validation Accuracy (%): 87.0 
            	 Epoch Time (s): 6.1
        
Epoch 135 
            	 Training Loss: 0.058 
            	 Validation Loss: 0.748 
            	 Epoch Train Accuracy (%): 98.01
            	 Epoch Validation Accuracy (%): 84.62 
            	 Epoch Time (s): 6.6
        
Epoch 136 
            	 Training Loss: 0.061 
            	 Validation Loss: 0.837 
            	 Epoch Train Accuracy (%): 98.2
            	 Epoch Validation Accuracy (%): 84.62 
            	 Epoch Time (s): 6.4
        
Epoch 137 
            	 Training Loss: 0.129 
            	 Validation Loss: 0.759 
            	 Epoch Train Accuracy (%): 95.48
            	 Epoch Validation Accuracy (%): 83.55 
            	 Epoch Time (s): 6.3
        
Epoch 138 
            	 Training Loss: 0.071 
            	 Validation Loss: 0.841 
            	 Epoch Train Accuracy (%): 97.74
            	 Epoch Validation Accuracy (%): 87.0 
            	 Epoch Time (s): 7.4
        
Epoch 139 
            	 Training Loss: 0.075 
            	 Validation Loss: 0.627 
            	 Epoch Train Accuracy (%): 97.14
            	 Epoch Validation Accuracy (%): 85.68 
            	 Epoch Time (s): 6.2
        
Epoch 140 
            	 Training Loss: 0.064 
            	 Validation Loss: 1.006 
            	 Epoch Train Accuracy (%): 97.94
            	 Epoch Validation Accuracy (%): 81.7 
            	 Epoch Time (s): 7.7
        
Epoch 141 
            	 Training Loss: 0.097 
            	 Validation Loss: 0.851 
            	 Epoch Train Accuracy (%): 96.74
            	 Epoch Validation Accuracy (%): 84.08 
            	 Epoch Time (s): 6.4
        
Epoch 142 
            	 Training Loss: 0.119 
            	 Validation Loss: 0.604 
            	 Epoch Train Accuracy (%): 95.81
            	 Epoch Validation Accuracy (%): 87.53 
            	 Epoch Time (s): 6.3
        
Epoch 143 
            	 Training Loss: 0.078 
            	 Validation Loss: 0.724 
            	 Epoch Train Accuracy (%): 97.47
            	 Epoch Validation Accuracy (%): 85.41 
            	 Epoch Time (s): 6.1
        
Epoch 144 
            	 Training Loss: 0.059 
            	 Validation Loss: 0.661 
            	 Epoch Train Accuracy (%): 97.87
            	 Epoch Validation Accuracy (%): 85.41 
            	 Epoch Time (s): 6.4
        
Epoch 145 
            	 Training Loss: 0.041 
            	 Validation Loss: 0.698 
            	 Epoch Train Accuracy (%): 98.67
            	 Epoch Validation Accuracy (%): 88.06 
            	 Epoch Time (s): 6.2
        
Epoch 146 
            	 Training Loss: 0.148 
            	 Validation Loss: 0.864 
            	 Epoch Train Accuracy (%): 95.68
            	 Epoch Validation Accuracy (%): 84.62 
            	 Epoch Time (s): 6.4
        
Epoch 147 
            	 Training Loss: 0.091 
            	 Validation Loss: 0.805 
            	 Epoch Train Accuracy (%): 97.01
            	 Epoch Validation Accuracy (%): 85.68 
            	 Epoch Time (s): 6.3
        
Epoch 148 
            	 Training Loss: 0.061 
            	 Validation Loss: 0.696 
            	 Epoch Train Accuracy (%): 97.61
            	 Epoch Validation Accuracy (%): 86.47 
            	 Epoch Time (s): 6.2
        
Epoch 149 
            	 Training Loss: 0.069 
            	 Validation Loss: 0.914 
            	 Epoch Train Accuracy (%): 97.87
            	 Epoch Validation Accuracy (%): 83.02 
            	 Epoch Time (s): 7.0
        
Epoch 150 
            	 Training Loss: 0.065 
            	 Validation Loss: 0.712 
            	 Epoch Train Accuracy (%): 97.61
            	 Epoch Validation Accuracy (%): 83.29 
            	 Epoch Time (s): 6.3
        
