True
True
['Opencountry', 'coast', 'forest', 'highway', 'inside_city', 'mountain', 'street', 'tallbuilding']
[(4, 'inside_city'), (7, 'tallbuilding'), (5, 'mountain'), (6, 'street'), (1, 'coast'), (2, 'forest'), (0, 'Opencountry'), (3, 'highway')]
[(4, 'inside_city'), (7, 'tallbuilding'), (5, 'mountain'), (6, 'street'), (1, 'coast'), (2, 'forest'), (0, 'Opencountry'), (3, 'highway')]
1504 377
Train set size:  1504
Validation set size:  377
Test set size:  807
Current device: cuda
Is Model on CUDA: True
----------------------------------------------------------------
        Layer (type)               Output Shape         Param #
================================================================
            Conv2d-1         [-1, 32, 224, 224]             896
         MaxPool2d-2         [-1, 32, 112, 112]               0
            Conv2d-3         [-1, 32, 224, 224]           1,056
         MaxPool2d-4         [-1, 32, 112, 112]               0
            Conv2d-5         [-1, 64, 112, 112]          18,496
         MaxPool2d-6           [-1, 64, 56, 56]               0
            Conv2d-7         [-1, 64, 112, 112]           4,160
         MaxPool2d-8           [-1, 64, 56, 56]               0
            Conv2d-9          [-1, 128, 56, 56]          73,856
        MaxPool2d-10          [-1, 128, 28, 28]               0
AdaptiveAvgPool2d-11            [-1, 128, 1, 1]               0
           Linear-12                  [-1, 256]          33,024
           Linear-13                    [-1, 8]           2,056
================================================================
Total params: 133,544
Trainable params: 133,544
Non-trainable params: 0
----------------------------------------------------------------
Input size (MB): 0.57
Forward/backward pass size (MB): 49.77
Params size (MB): 0.51
Estimated Total Size (MB): 50.85
----------------------------------------------------------------
Epoch 1 
            	 Training Loss: 2.01 
            	 Validation Loss: 1.852 
            	 Epoch Train Accuracy (%): 17.35
            	 Epoch Validation Accuracy (%): 24.14 
            	 Epoch Time (s): 6.3
        
Epoch 2 
            	 Training Loss: 1.79 
            	 Validation Loss: 1.786 
            	 Epoch Train Accuracy (%): 29.32
            	 Epoch Validation Accuracy (%): 29.18 
            	 Epoch Time (s): 6.5
        
Epoch 3 
            	 Training Loss: 1.676 
            	 Validation Loss: 1.643 
            	 Epoch Train Accuracy (%): 35.64
            	 Epoch Validation Accuracy (%): 34.22 
            	 Epoch Time (s): 6.6
        
Epoch 4 
            	 Training Loss: 1.519 
            	 Validation Loss: 1.398 
            	 Epoch Train Accuracy (%): 41.89
            	 Epoch Validation Accuracy (%): 46.42 
            	 Epoch Time (s): 6.1
        
Epoch 5 
            	 Training Loss: 1.404 
            	 Validation Loss: 1.321 
            	 Epoch Train Accuracy (%): 48.54
            	 Epoch Validation Accuracy (%): 50.66 
            	 Epoch Time (s): 6.3
        
Epoch 6 
            	 Training Loss: 1.271 
            	 Validation Loss: 1.217 
            	 Epoch Train Accuracy (%): 54.06
            	 Epoch Validation Accuracy (%): 57.03 
            	 Epoch Time (s): 6.5
        
Epoch 7 
            	 Training Loss: 1.219 
            	 Validation Loss: 1.202 
            	 Epoch Train Accuracy (%): 54.79
            	 Epoch Validation Accuracy (%): 56.5 
            	 Epoch Time (s): 6.5
        
Epoch 8 
            	 Training Loss: 1.141 
            	 Validation Loss: 1.215 
            	 Epoch Train Accuracy (%): 57.71
            	 Epoch Validation Accuracy (%): 56.23 
            	 Epoch Time (s): 6.9
        
Epoch 9 
            	 Training Loss: 1.073 
            	 Validation Loss: 1.12 
            	 Epoch Train Accuracy (%): 59.77
            	 Epoch Validation Accuracy (%): 60.48 
            	 Epoch Time (s): 6.6
        
Epoch 10 
            	 Training Loss: 1.022 
            	 Validation Loss: 1.054 
            	 Epoch Train Accuracy (%): 60.11
            	 Epoch Validation Accuracy (%): 63.13 
            	 Epoch Time (s): 6.4
        
Epoch 11 
            	 Training Loss: 0.961 
            	 Validation Loss: 0.981 
            	 Epoch Train Accuracy (%): 65.36
            	 Epoch Validation Accuracy (%): 65.52 
            	 Epoch Time (s): 6.6
        
Epoch 12 
            	 Training Loss: 0.9 
            	 Validation Loss: 1.001 
            	 Epoch Train Accuracy (%): 67.69
            	 Epoch Validation Accuracy (%): 62.07 
            	 Epoch Time (s): 6.1
        
Epoch 13 
            	 Training Loss: 0.874 
            	 Validation Loss: 1.23 
            	 Epoch Train Accuracy (%): 68.22
            	 Epoch Validation Accuracy (%): 57.82 
            	 Epoch Time (s): 6.6
        
Epoch 14 
            	 Training Loss: 0.837 
            	 Validation Loss: 0.873 
            	 Epoch Train Accuracy (%): 70.48
            	 Epoch Validation Accuracy (%): 71.09 
            	 Epoch Time (s): 6.3
        
Epoch 15 
            	 Training Loss: 0.786 
            	 Validation Loss: 0.847 
            	 Epoch Train Accuracy (%): 72.01
            	 Epoch Validation Accuracy (%): 71.88 
            	 Epoch Time (s): 5.9
        
Epoch 16 
            	 Training Loss: 0.768 
            	 Validation Loss: 0.909 
            	 Epoch Train Accuracy (%): 72.74
            	 Epoch Validation Accuracy (%): 65.52 
            	 Epoch Time (s): 6.7
        
Epoch 17 
            	 Training Loss: 0.726 
            	 Validation Loss: 0.771 
            	 Epoch Train Accuracy (%): 73.94
            	 Epoch Validation Accuracy (%): 71.62 
            	 Epoch Time (s): 6.5
        
Epoch 18 
            	 Training Loss: 0.672 
            	 Validation Loss: 0.734 
            	 Epoch Train Accuracy (%): 75.27
            	 Epoch Validation Accuracy (%): 73.74 
            	 Epoch Time (s): 7.0
        
Epoch 19 
            	 Training Loss: 0.635 
            	 Validation Loss: 0.71 
            	 Epoch Train Accuracy (%): 77.06
            	 Epoch Validation Accuracy (%): 77.98 
            	 Epoch Time (s): 6.3
        
Epoch 20 
            	 Training Loss: 0.617 
            	 Validation Loss: 0.728 
            	 Epoch Train Accuracy (%): 78.06
            	 Epoch Validation Accuracy (%): 75.86 
            	 Epoch Time (s): 6.6
        
Epoch 21 
            	 Training Loss: 0.629 
            	 Validation Loss: 0.623 
            	 Epoch Train Accuracy (%): 77.19
            	 Epoch Validation Accuracy (%): 76.66 
            	 Epoch Time (s): 6.5
        
Epoch 22 
            	 Training Loss: 0.603 
            	 Validation Loss: 0.703 
            	 Epoch Train Accuracy (%): 79.59
            	 Epoch Validation Accuracy (%): 75.07 
            	 Epoch Time (s): 6.2
        
Epoch 23 
            	 Training Loss: 0.577 
            	 Validation Loss: 0.611 
            	 Epoch Train Accuracy (%): 79.99
            	 Epoch Validation Accuracy (%): 78.78 
            	 Epoch Time (s): 6.2
        
Epoch 24 
            	 Training Loss: 0.574 
            	 Validation Loss: 0.689 
            	 Epoch Train Accuracy (%): 79.59
            	 Epoch Validation Accuracy (%): 72.15 
            	 Epoch Time (s): 6.3
        
Epoch 25 
            	 Training Loss: 0.576 
            	 Validation Loss: 0.647 
            	 Epoch Train Accuracy (%): 80.45
            	 Epoch Validation Accuracy (%): 75.86 
            	 Epoch Time (s): 6.3
        
Epoch 26 
            	 Training Loss: 0.573 
            	 Validation Loss: 0.64 
            	 Epoch Train Accuracy (%): 79.65
            	 Epoch Validation Accuracy (%): 78.25 
            	 Epoch Time (s): 6.3
        
Epoch 27 
            	 Training Loss: 0.501 
            	 Validation Loss: 0.565 
            	 Epoch Train Accuracy (%): 81.91
            	 Epoch Validation Accuracy (%): 81.7 
            	 Epoch Time (s): 7.5
        
Epoch 28 
            	 Training Loss: 0.507 
            	 Validation Loss: 0.631 
            	 Epoch Train Accuracy (%): 81.52
            	 Epoch Validation Accuracy (%): 77.19 
            	 Epoch Time (s): 6.6
        
Epoch 29 
            	 Training Loss: 0.491 
            	 Validation Loss: 0.626 
            	 Epoch Train Accuracy (%): 83.18
            	 Epoch Validation Accuracy (%): 80.11 
            	 Epoch Time (s): 6.6
        
Epoch 30 
            	 Training Loss: 0.504 
            	 Validation Loss: 0.546 
            	 Epoch Train Accuracy (%): 82.31
            	 Epoch Validation Accuracy (%): 81.17 
            	 Epoch Time (s): 6.6
        
Epoch 31 
            	 Training Loss: 0.486 
            	 Validation Loss: 0.586 
            	 Epoch Train Accuracy (%): 83.24
            	 Epoch Validation Accuracy (%): 80.64 
            	 Epoch Time (s): 6.6
        
Epoch 32 
            	 Training Loss: 0.453 
            	 Validation Loss: 0.613 
            	 Epoch Train Accuracy (%): 84.04
            	 Epoch Validation Accuracy (%): 79.84 
            	 Epoch Time (s): 6.4
        
Epoch 33 
            	 Training Loss: 0.439 
            	 Validation Loss: 0.582 
            	 Epoch Train Accuracy (%): 84.18
            	 Epoch Validation Accuracy (%): 80.64 
            	 Epoch Time (s): 6.3
        
Epoch 34 
            	 Training Loss: 0.457 
            	 Validation Loss: 0.607 
            	 Epoch Train Accuracy (%): 83.91
            	 Epoch Validation Accuracy (%): 78.25 
            	 Epoch Time (s): 6.4
        
Epoch 35 
            	 Training Loss: 0.425 
            	 Validation Loss: 0.538 
            	 Epoch Train Accuracy (%): 84.57
            	 Epoch Validation Accuracy (%): 81.43 
            	 Epoch Time (s): 6.4
        
Epoch 36 
            	 Training Loss: 0.439 
            	 Validation Loss: 0.612 
            	 Epoch Train Accuracy (%): 85.17
            	 Epoch Validation Accuracy (%): 77.98 
            	 Epoch Time (s): 6.3
        
Epoch 37 
            	 Training Loss: 0.425 
            	 Validation Loss: 0.544 
            	 Epoch Train Accuracy (%): 85.31
            	 Epoch Validation Accuracy (%): 82.23 
            	 Epoch Time (s): 6.3
        
Epoch 38 
            	 Training Loss: 0.44 
            	 Validation Loss: 0.625 
            	 Epoch Train Accuracy (%): 84.18
            	 Epoch Validation Accuracy (%): 76.92 
            	 Epoch Time (s): 6.6
        
Epoch 39 
            	 Training Loss: 0.45 
            	 Validation Loss: 0.562 
            	 Epoch Train Accuracy (%): 83.58
            	 Epoch Validation Accuracy (%): 80.9 
            	 Epoch Time (s): 6.5
        
Epoch 40 
            	 Training Loss: 0.4 
            	 Validation Loss: 0.577 
            	 Epoch Train Accuracy (%): 87.3
            	 Epoch Validation Accuracy (%): 80.64 
            	 Epoch Time (s): 6.6
        
Epoch 41 
            	 Training Loss: 0.418 
            	 Validation Loss: 0.505 
            	 Epoch Train Accuracy (%): 84.71
            	 Epoch Validation Accuracy (%): 82.49 
            	 Epoch Time (s): 6.5
        
Epoch 42 
            	 Training Loss: 0.396 
            	 Validation Loss: 0.516 
            	 Epoch Train Accuracy (%): 85.64
            	 Epoch Validation Accuracy (%): 81.7 
            	 Epoch Time (s): 6.4
        
Epoch 43 
            	 Training Loss: 0.362 
            	 Validation Loss: 0.585 
            	 Epoch Train Accuracy (%): 87.03
            	 Epoch Validation Accuracy (%): 79.84 
            	 Epoch Time (s): 6.3
        
Epoch 44 
            	 Training Loss: 0.368 
            	 Validation Loss: 0.542 
            	 Epoch Train Accuracy (%): 86.04
            	 Epoch Validation Accuracy (%): 79.84 
            	 Epoch Time (s): 6.5
        
Epoch 45 
            	 Training Loss: 0.363 
            	 Validation Loss: 0.658 
            	 Epoch Train Accuracy (%): 86.5
            	 Epoch Validation Accuracy (%): 80.11 
            	 Epoch Time (s): 6.3
        
Epoch 46 
            	 Training Loss: 0.406 
            	 Validation Loss: 0.513 
            	 Epoch Train Accuracy (%): 85.31
            	 Epoch Validation Accuracy (%): 81.96 
            	 Epoch Time (s): 6.6
        
Epoch 47 
            	 Training Loss: 0.347 
            	 Validation Loss: 0.637 
            	 Epoch Train Accuracy (%): 87.9
            	 Epoch Validation Accuracy (%): 77.98 
            	 Epoch Time (s): 6.3
        
Epoch 48 
            	 Training Loss: 0.348 
            	 Validation Loss: 0.569 
            	 Epoch Train Accuracy (%): 87.77
            	 Epoch Validation Accuracy (%): 83.29 
            	 Epoch Time (s): 6.3
        
Epoch 49 
            	 Training Loss: 0.349 
            	 Validation Loss: 0.549 
            	 Epoch Train Accuracy (%): 87.23
            	 Epoch Validation Accuracy (%): 82.49 
            	 Epoch Time (s): 6.2
        
Epoch 50 
            	 Training Loss: 0.393 
            	 Validation Loss: 0.556 
            	 Epoch Train Accuracy (%): 86.1
            	 Epoch Validation Accuracy (%): 81.43 
            	 Epoch Time (s): 6.5
        
Epoch 51 
            	 Training Loss: 0.332 
            	 Validation Loss: 0.579 
            	 Epoch Train Accuracy (%): 87.43
            	 Epoch Validation Accuracy (%): 77.72 
            	 Epoch Time (s): 6.3
        
Epoch 52 
            	 Training Loss: 0.318 
            	 Validation Loss: 0.561 
            	 Epoch Train Accuracy (%): 87.83
            	 Epoch Validation Accuracy (%): 77.72 
            	 Epoch Time (s): 6.7
        
Epoch 53 
            	 Training Loss: 0.339 
            	 Validation Loss: 0.56 
            	 Epoch Train Accuracy (%): 87.83
            	 Epoch Validation Accuracy (%): 82.23 
            	 Epoch Time (s): 6.6
        
Epoch 54 
            	 Training Loss: 0.323 
            	 Validation Loss: 0.569 
            	 Epoch Train Accuracy (%): 88.36
            	 Epoch Validation Accuracy (%): 79.84 
            	 Epoch Time (s): 6.4
        
Epoch 55 
            	 Training Loss: 0.31 
            	 Validation Loss: 0.589 
            	 Epoch Train Accuracy (%): 89.03
            	 Epoch Validation Accuracy (%): 80.64 
            	 Epoch Time (s): 6.5
        
Epoch 56 
            	 Training Loss: 0.315 
            	 Validation Loss: 0.56 
            	 Epoch Train Accuracy (%): 87.77
            	 Epoch Validation Accuracy (%): 81.96 
            	 Epoch Time (s): 6.6
        
Epoch 57 
            	 Training Loss: 0.301 
            	 Validation Loss: 0.501 
            	 Epoch Train Accuracy (%): 88.96
            	 Epoch Validation Accuracy (%): 83.55 
            	 Epoch Time (s): 6.5
        
Epoch 58 
            	 Training Loss: 0.289 
            	 Validation Loss: 0.512 
            	 Epoch Train Accuracy (%): 89.69
            	 Epoch Validation Accuracy (%): 81.7 
            	 Epoch Time (s): 6.5
        
Epoch 59 
            	 Training Loss: 0.335 
            	 Validation Loss: 0.543 
            	 Epoch Train Accuracy (%): 88.03
            	 Epoch Validation Accuracy (%): 82.76 
            	 Epoch Time (s): 6.3
        
Epoch 60 
            	 Training Loss: 0.271 
            	 Validation Loss: 0.526 
            	 Epoch Train Accuracy (%): 89.69
            	 Epoch Validation Accuracy (%): 82.49 
            	 Epoch Time (s): 6.3
        
Epoch 61 
            	 Training Loss: 0.32 
            	 Validation Loss: 0.484 
            	 Epoch Train Accuracy (%): 89.03
            	 Epoch Validation Accuracy (%): 82.76 
            	 Epoch Time (s): 6.4
        
Epoch 62 
            	 Training Loss: 0.313 
            	 Validation Loss: 0.488 
            	 Epoch Train Accuracy (%): 87.77
            	 Epoch Validation Accuracy (%): 83.55 
            	 Epoch Time (s): 6.4
        
Epoch 63 
            	 Training Loss: 0.277 
            	 Validation Loss: 0.623 
            	 Epoch Train Accuracy (%): 89.36
            	 Epoch Validation Accuracy (%): 78.51 
            	 Epoch Time (s): 6.5
        
Epoch 64 
            	 Training Loss: 0.281 
            	 Validation Loss: 0.518 
            	 Epoch Train Accuracy (%): 89.69
            	 Epoch Validation Accuracy (%): 82.49 
            	 Epoch Time (s): 6.7
        
Epoch 65 
            	 Training Loss: 0.263 
            	 Validation Loss: 0.542 
            	 Epoch Train Accuracy (%): 90.56
            	 Epoch Validation Accuracy (%): 81.96 
            	 Epoch Time (s): 6.6
        
Epoch 66 
            	 Training Loss: 0.251 
            	 Validation Loss: 0.565 
            	 Epoch Train Accuracy (%): 90.89
            	 Epoch Validation Accuracy (%): 83.02 
            	 Epoch Time (s): 6.8
        
Epoch 67 
            	 Training Loss: 0.26 
            	 Validation Loss: 0.53 
            	 Epoch Train Accuracy (%): 90.36
            	 Epoch Validation Accuracy (%): 83.55 
            	 Epoch Time (s): 6.4
        
Epoch 68 
            	 Training Loss: 0.241 
            	 Validation Loss: 0.625 
            	 Epoch Train Accuracy (%): 91.09
            	 Epoch Validation Accuracy (%): 82.49 
            	 Epoch Time (s): 6.4
        
Epoch 69 
            	 Training Loss: 0.265 
            	 Validation Loss: 0.596 
            	 Epoch Train Accuracy (%): 89.63
            	 Epoch Validation Accuracy (%): 83.02 
            	 Epoch Time (s): 6.7
        
Epoch 70 
            	 Training Loss: 0.248 
            	 Validation Loss: 0.689 
            	 Epoch Train Accuracy (%): 91.09
            	 Epoch Validation Accuracy (%): 79.58 
            	 Epoch Time (s): 6.4
        
Epoch 71 
            	 Training Loss: 0.233 
            	 Validation Loss: 0.531 
            	 Epoch Train Accuracy (%): 91.69
            	 Epoch Validation Accuracy (%): 83.82 
            	 Epoch Time (s): 6.7
        
Epoch 72 
            	 Training Loss: 0.245 
            	 Validation Loss: 0.554 
            	 Epoch Train Accuracy (%): 92.22
            	 Epoch Validation Accuracy (%): 80.37 
            	 Epoch Time (s): 6.2
        
Epoch 73 
            	 Training Loss: 0.317 
            	 Validation Loss: 0.578 
            	 Epoch Train Accuracy (%): 88.9
            	 Epoch Validation Accuracy (%): 80.9 
            	 Epoch Time (s): 6.3
        
Epoch 74 
            	 Training Loss: 0.23 
            	 Validation Loss: 0.531 
            	 Epoch Train Accuracy (%): 91.76
            	 Epoch Validation Accuracy (%): 82.49 
            	 Epoch Time (s): 6.3
        
Epoch 75 
            	 Training Loss: 0.208 
            	 Validation Loss: 0.56 
            	 Epoch Train Accuracy (%): 93.15
            	 Epoch Validation Accuracy (%): 83.02 
            	 Epoch Time (s): 6.4
        
Epoch 76 
            	 Training Loss: 0.225 
            	 Validation Loss: 0.563 
            	 Epoch Train Accuracy (%): 91.62
            	 Epoch Validation Accuracy (%): 82.49 
            	 Epoch Time (s): 6.8
        
Epoch 77 
            	 Training Loss: 0.211 
            	 Validation Loss: 0.628 
            	 Epoch Train Accuracy (%): 92.42
            	 Epoch Validation Accuracy (%): 81.43 
            	 Epoch Time (s): 6.6
        
Epoch 78 
            	 Training Loss: 0.195 
            	 Validation Loss: 0.645 
            	 Epoch Train Accuracy (%): 92.15
            	 Epoch Validation Accuracy (%): 81.7 
            	 Epoch Time (s): 6.5
        
Epoch 79 
            	 Training Loss: 0.249 
            	 Validation Loss: 0.632 
            	 Epoch Train Accuracy (%): 90.56
            	 Epoch Validation Accuracy (%): 80.11 
            	 Epoch Time (s): 6.7
        
Epoch 80 
            	 Training Loss: 0.209 
            	 Validation Loss: 0.519 
            	 Epoch Train Accuracy (%): 93.09
            	 Epoch Validation Accuracy (%): 82.49 
            	 Epoch Time (s): 6.5
        
Epoch 81 
            	 Training Loss: 0.217 
            	 Validation Loss: 0.545 
            	 Epoch Train Accuracy (%): 92.22
            	 Epoch Validation Accuracy (%): 82.23 
            	 Epoch Time (s): 6.4
        
Epoch 82 
            	 Training Loss: 0.201 
            	 Validation Loss: 0.607 
            	 Epoch Train Accuracy (%): 92.62
            	 Epoch Validation Accuracy (%): 81.7 
            	 Epoch Time (s): 6.3
        
Epoch 83 
            	 Training Loss: 0.202 
            	 Validation Loss: 0.659 
            	 Epoch Train Accuracy (%): 92.62
            	 Epoch Validation Accuracy (%): 81.43 
            	 Epoch Time (s): 6.5
        
Epoch 84 
            	 Training Loss: 0.203 
            	 Validation Loss: 0.638 
            	 Epoch Train Accuracy (%): 92.42
            	 Epoch Validation Accuracy (%): 83.02 
            	 Epoch Time (s): 6.5
        
Epoch 85 
            	 Training Loss: 0.218 
            	 Validation Loss: 0.611 
            	 Epoch Train Accuracy (%): 92.29
            	 Epoch Validation Accuracy (%): 82.49 
            	 Epoch Time (s): 6.8
        
Epoch 86 
            	 Training Loss: 0.189 
            	 Validation Loss: 0.706 
            	 Epoch Train Accuracy (%): 93.82
            	 Epoch Validation Accuracy (%): 80.9 
            	 Epoch Time (s): 6.9
        
Epoch 87 
            	 Training Loss: 0.168 
            	 Validation Loss: 0.679 
            	 Epoch Train Accuracy (%): 94.02
            	 Epoch Validation Accuracy (%): 81.96 
            	 Epoch Time (s): 6.3
        
Epoch 88 
            	 Training Loss: 0.153 
            	 Validation Loss: 0.622 
            	 Epoch Train Accuracy (%): 94.75
            	 Epoch Validation Accuracy (%): 82.76 
            	 Epoch Time (s): 6.3
        
Epoch 89 
            	 Training Loss: 0.161 
            	 Validation Loss: 0.599 
            	 Epoch Train Accuracy (%): 94.22
            	 Epoch Validation Accuracy (%): 81.17 
            	 Epoch Time (s): 6.6
        
Epoch 90 
            	 Training Loss: 0.181 
            	 Validation Loss: 0.579 
            	 Epoch Train Accuracy (%): 93.22
            	 Epoch Validation Accuracy (%): 84.35 
            	 Epoch Time (s): 6.4
        
Epoch 91 
            	 Training Loss: 0.16 
            	 Validation Loss: 0.689 
            	 Epoch Train Accuracy (%): 94.02
            	 Epoch Validation Accuracy (%): 83.29 
            	 Epoch Time (s): 6.2
        
Epoch 92 
            	 Training Loss: 0.17 
            	 Validation Loss: 0.631 
            	 Epoch Train Accuracy (%): 93.28
            	 Epoch Validation Accuracy (%): 81.96 
            	 Epoch Time (s): 6.6
        
Epoch 93 
            	 Training Loss: 0.173 
            	 Validation Loss: 0.567 
            	 Epoch Train Accuracy (%): 93.35
            	 Epoch Validation Accuracy (%): 83.29 
            	 Epoch Time (s): 6.3
        
Epoch 94 
            	 Training Loss: 0.165 
            	 Validation Loss: 0.616 
            	 Epoch Train Accuracy (%): 94.22
            	 Epoch Validation Accuracy (%): 83.29 
            	 Epoch Time (s): 7.4
        
Epoch 95 
            	 Training Loss: 0.187 
            	 Validation Loss: 0.69 
            	 Epoch Train Accuracy (%): 94.35
            	 Epoch Validation Accuracy (%): 81.96 
            	 Epoch Time (s): 7.0
        
Epoch 96 
            	 Training Loss: 0.188 
            	 Validation Loss: 0.549 
            	 Epoch Train Accuracy (%): 93.42
            	 Epoch Validation Accuracy (%): 83.82 
            	 Epoch Time (s): 6.9
        
Epoch 97 
            	 Training Loss: 0.159 
            	 Validation Loss: 0.703 
            	 Epoch Train Accuracy (%): 94.22
            	 Epoch Validation Accuracy (%): 82.49 
            	 Epoch Time (s): 7.9
        
Epoch 98 
            	 Training Loss: 0.164 
            	 Validation Loss: 0.665 
            	 Epoch Train Accuracy (%): 94.08
            	 Epoch Validation Accuracy (%): 82.76 
            	 Epoch Time (s): 7.7
        
Epoch 99 
            	 Training Loss: 0.133 
            	 Validation Loss: 0.595 
            	 Epoch Train Accuracy (%): 95.55
            	 Epoch Validation Accuracy (%): 84.88 
            	 Epoch Time (s): 6.3
        
Epoch 100 
            	 Training Loss: 0.125 
            	 Validation Loss: 0.824 
            	 Epoch Train Accuracy (%): 95.21
            	 Epoch Validation Accuracy (%): 82.76 
            	 Epoch Time (s): 8.5
        
Epoch 101 
            	 Training Loss: 0.15 
            	 Validation Loss: 0.755 
            	 Epoch Train Accuracy (%): 94.75
            	 Epoch Validation Accuracy (%): 81.43 
            	 Epoch Time (s): 7.6
        
Epoch 102 
            	 Training Loss: 0.172 
            	 Validation Loss: 0.721 
            	 Epoch Train Accuracy (%): 94.48
            	 Epoch Validation Accuracy (%): 83.02 
            	 Epoch Time (s): 7.3
        
Epoch 103 
            	 Training Loss: 0.104 
            	 Validation Loss: 0.678 
            	 Epoch Train Accuracy (%): 96.34
            	 Epoch Validation Accuracy (%): 83.02 
            	 Epoch Time (s): 7.7
        
Epoch 104 
            	 Training Loss: 0.131 
            	 Validation Loss: 0.682 
            	 Epoch Train Accuracy (%): 94.95
            	 Epoch Validation Accuracy (%): 80.37 
            	 Epoch Time (s): 6.7
        
Epoch 105 
            	 Training Loss: 0.178 
            	 Validation Loss: 0.855 
            	 Epoch Train Accuracy (%): 93.75
            	 Epoch Validation Accuracy (%): 77.98 
            	 Epoch Time (s): 8.3
        
Epoch 106 
            	 Training Loss: 0.126 
            	 Validation Loss: 0.696 
            	 Epoch Train Accuracy (%): 95.41
            	 Epoch Validation Accuracy (%): 84.62 
            	 Epoch Time (s): 8.5
        
Epoch 107 
            	 Training Loss: 0.117 
            	 Validation Loss: 0.754 
            	 Epoch Train Accuracy (%): 95.35
            	 Epoch Validation Accuracy (%): 82.76 
            	 Epoch Time (s): 6.8
        
Epoch 108 
            	 Training Loss: 0.126 
            	 Validation Loss: 0.653 
            	 Epoch Train Accuracy (%): 95.28
            	 Epoch Validation Accuracy (%): 82.49 
            	 Epoch Time (s): 6.3
        
Epoch 109 
            	 Training Loss: 0.114 
            	 Validation Loss: 0.678 
            	 Epoch Train Accuracy (%): 95.61
            	 Epoch Validation Accuracy (%): 85.41 
            	 Epoch Time (s): 6.7
        
Epoch 110 
            	 Training Loss: 0.122 
            	 Validation Loss: 0.77 
            	 Epoch Train Accuracy (%): 96.01
            	 Epoch Validation Accuracy (%): 83.02 
            	 Epoch Time (s): 6.7
        
Epoch 111 
            	 Training Loss: 0.159 
            	 Validation Loss: 0.632 
            	 Epoch Train Accuracy (%): 94.28
            	 Epoch Validation Accuracy (%): 82.23 
            	 Epoch Time (s): 8.7
        
Epoch 112 
            	 Training Loss: 0.109 
            	 Validation Loss: 0.87 
            	 Epoch Train Accuracy (%): 95.94
            	 Epoch Validation Accuracy (%): 82.49 
            	 Epoch Time (s): 6.8
        
Epoch 113 
            	 Training Loss: 0.103 
            	 Validation Loss: 0.779 
            	 Epoch Train Accuracy (%): 96.34
            	 Epoch Validation Accuracy (%): 83.29 
            	 Epoch Time (s): 8.3
        
Epoch 114 
            	 Training Loss: 0.124 
            	 Validation Loss: 0.818 
            	 Epoch Train Accuracy (%): 95.35
            	 Epoch Validation Accuracy (%): 83.29 
            	 Epoch Time (s): 7.2
        
Epoch 115 
            	 Training Loss: 0.082 
            	 Validation Loss: 0.817 
            	 Epoch Train Accuracy (%): 97.07
            	 Epoch Validation Accuracy (%): 83.55 
            	 Epoch Time (s): 6.5
        
Epoch 116 
            	 Training Loss: 0.1 
            	 Validation Loss: 0.842 
            	 Epoch Train Accuracy (%): 96.41
            	 Epoch Validation Accuracy (%): 83.02 
            	 Epoch Time (s): 7.0
        
Epoch 117 
            	 Training Loss: 0.141 
            	 Validation Loss: 0.696 
            	 Epoch Train Accuracy (%): 95.21
            	 Epoch Validation Accuracy (%): 84.88 
            	 Epoch Time (s): 6.4
        
Epoch 118 
            	 Training Loss: 0.114 
            	 Validation Loss: 0.787 
            	 Epoch Train Accuracy (%): 96.01
            	 Epoch Validation Accuracy (%): 81.17 
            	 Epoch Time (s): 6.4
        
Epoch 119 
            	 Training Loss: 0.069 
            	 Validation Loss: 0.927 
            	 Epoch Train Accuracy (%): 97.94
            	 Epoch Validation Accuracy (%): 81.7 
            	 Epoch Time (s): 6.3
        
Epoch 120 
            	 Training Loss: 0.089 
            	 Validation Loss: 0.932 
            	 Epoch Train Accuracy (%): 96.68
            	 Epoch Validation Accuracy (%): 83.29 
            	 Epoch Time (s): 6.6
        
Epoch 121 
            	 Training Loss: 0.111 
            	 Validation Loss: 0.793 
            	 Epoch Train Accuracy (%): 96.21
            	 Epoch Validation Accuracy (%): 85.68 
            	 Epoch Time (s): 6.8
        
Epoch 122 
            	 Training Loss: 0.066 
            	 Validation Loss: 0.895 
            	 Epoch Train Accuracy (%): 97.54
            	 Epoch Validation Accuracy (%): 84.62 
            	 Epoch Time (s): 6.4
        
Epoch 123 
            	 Training Loss: 0.1 
            	 Validation Loss: 0.82 
            	 Epoch Train Accuracy (%): 96.48
            	 Epoch Validation Accuracy (%): 83.02 
            	 Epoch Time (s): 6.5
        
Epoch 124 
            	 Training Loss: 0.124 
            	 Validation Loss: 0.715 
            	 Epoch Train Accuracy (%): 96.08
            	 Epoch Validation Accuracy (%): 84.88 
            	 Epoch Time (s): 6.5
        
Epoch 125 
            	 Training Loss: 0.062 
            	 Validation Loss: 0.807 
            	 Epoch Train Accuracy (%): 97.94
            	 Epoch Validation Accuracy (%): 83.29 
            	 Epoch Time (s): 6.5
        
Epoch 126 
            	 Training Loss: 0.102 
            	 Validation Loss: 0.728 
            	 Epoch Train Accuracy (%): 96.61
            	 Epoch Validation Accuracy (%): 83.29 
            	 Epoch Time (s): 6.3
        
Epoch 127 
            	 Training Loss: 0.063 
            	 Validation Loss: 0.877 
            	 Epoch Train Accuracy (%): 98.07
            	 Epoch Validation Accuracy (%): 83.02 
            	 Epoch Time (s): 6.4
        
Epoch 128 
            	 Training Loss: 0.066 
            	 Validation Loss: 1.093 
            	 Epoch Train Accuracy (%): 97.87
            	 Epoch Validation Accuracy (%): 80.11 
            	 Epoch Time (s): 6.2
        
Epoch 129 
            	 Training Loss: 0.101 
            	 Validation Loss: 0.909 
            	 Epoch Train Accuracy (%): 96.34
            	 Epoch Validation Accuracy (%): 81.43 
            	 Epoch Time (s): 6.3
        
Epoch 130 
            	 Training Loss: 0.098 
            	 Validation Loss: 0.924 
            	 Epoch Train Accuracy (%): 96.81
            	 Epoch Validation Accuracy (%): 81.17 
            	 Epoch Time (s): 6.5
        
Epoch 131 
            	 Training Loss: 0.093 
            	 Validation Loss: 0.826 
            	 Epoch Train Accuracy (%): 96.81
            	 Epoch Validation Accuracy (%): 84.35 
            	 Epoch Time (s): 6.6
        
Epoch 132 
            	 Training Loss: 0.083 
            	 Validation Loss: 0.873 
            	 Epoch Train Accuracy (%): 97.21
            	 Epoch Validation Accuracy (%): 82.23 
            	 Epoch Time (s): 6.5
        
Epoch 133 
            	 Training Loss: 0.085 
            	 Validation Loss: 0.827 
            	 Epoch Train Accuracy (%): 96.74
            	 Epoch Validation Accuracy (%): 82.23 
            	 Epoch Time (s): 6.4
        
Epoch 134 
            	 Training Loss: 0.063 
            	 Validation Loss: 1.087 
            	 Epoch Train Accuracy (%): 98.14
            	 Epoch Validation Accuracy (%): 82.23 
            	 Epoch Time (s): 6.3
        
Epoch 135 
            	 Training Loss: 0.127 
            	 Validation Loss: 0.777 
            	 Epoch Train Accuracy (%): 96.28
            	 Epoch Validation Accuracy (%): 81.43 
            	 Epoch Time (s): 8.2
        
Epoch 136 
            	 Training Loss: 0.102 
            	 Validation Loss: 0.826 
            	 Epoch Train Accuracy (%): 97.07
            	 Epoch Validation Accuracy (%): 81.43 
            	 Epoch Time (s): 6.6
        
Epoch 137 
            	 Training Loss: 0.082 
            	 Validation Loss: 0.799 
            	 Epoch Train Accuracy (%): 97.14
            	 Epoch Validation Accuracy (%): 83.82 
            	 Epoch Time (s): 6.8
        
Epoch 138 
            	 Training Loss: 0.133 
            	 Validation Loss: 0.983 
            	 Epoch Train Accuracy (%): 95.01
            	 Epoch Validation Accuracy (%): 80.9 
            	 Epoch Time (s): 7.4
        
Epoch 139 
            	 Training Loss: 0.066 
            	 Validation Loss: 0.701 
            	 Epoch Train Accuracy (%): 98.14
            	 Epoch Validation Accuracy (%): 85.41 
            	 Epoch Time (s): 6.6
        
Epoch 140 
            	 Training Loss: 0.074 
            	 Validation Loss: 0.915 
            	 Epoch Train Accuracy (%): 97.47
            	 Epoch Validation Accuracy (%): 82.23 
            	 Epoch Time (s): 6.6
        
Epoch 141 
            	 Training Loss: 0.092 
            	 Validation Loss: 0.846 
            	 Epoch Train Accuracy (%): 96.61
            	 Epoch Validation Accuracy (%): 83.82 
            	 Epoch Time (s): 6.2
        
Epoch 142 
            	 Training Loss: 0.059 
            	 Validation Loss: 0.845 
            	 Epoch Train Accuracy (%): 97.87
            	 Epoch Validation Accuracy (%): 83.55 
            	 Epoch Time (s): 6.9
        
Epoch 143 
            	 Training Loss: 0.048 
            	 Validation Loss: 0.949 
            	 Epoch Train Accuracy (%): 98.4
            	 Epoch Validation Accuracy (%): 82.76 
            	 Epoch Time (s): 6.8
        
Epoch 144 
            	 Training Loss: 0.047 
            	 Validation Loss: 0.808 
            	 Epoch Train Accuracy (%): 98.34
            	 Epoch Validation Accuracy (%): 83.02 
            	 Epoch Time (s): 7.1
        
Epoch 145 
            	 Training Loss: 0.075 
            	 Validation Loss: 0.798 
            	 Epoch Train Accuracy (%): 97.21
            	 Epoch Validation Accuracy (%): 85.41 
            	 Epoch Time (s): 6.4
        
Epoch 146 
            	 Training Loss: 0.095 
            	 Validation Loss: 0.834 
            	 Epoch Train Accuracy (%): 96.81
            	 Epoch Validation Accuracy (%): 83.02 
            	 Epoch Time (s): 6.6
        
Epoch 147 
            	 Training Loss: 0.062 
            	 Validation Loss: 0.948 
            	 Epoch Train Accuracy (%): 97.74
            	 Epoch Validation Accuracy (%): 82.76 
            	 Epoch Time (s): 8.3
        
Epoch 148 
            	 Training Loss: 0.087 
            	 Validation Loss: 0.769 
            	 Epoch Train Accuracy (%): 97.47
            	 Epoch Validation Accuracy (%): 82.76 
            	 Epoch Time (s): 6.4
        
Epoch 149 
            	 Training Loss: 0.076 
            	 Validation Loss: 0.899 
            	 Epoch Train Accuracy (%): 97.54
            	 Epoch Validation Accuracy (%): 84.62 
            	 Epoch Time (s): 7.5
        
Epoch 150 
            	 Training Loss: 0.091 
            	 Validation Loss: 0.853 
            	 Epoch Train Accuracy (%): 96.61
            	 Epoch Validation Accuracy (%): 84.88 
            	 Epoch Time (s): 6.3
        
Saved model to:  ../checkpoints/20230310_191632_cnn_model.pt
Saved training report to:  ../report/20230310_191632_training_report.csv
