True
True
['Opencountry', 'coast', 'forest', 'highway', 'inside_city', 'mountain', 'street', 'tallbuilding']
[(7, 'tallbuilding'), (3, 'highway'), (5, 'mountain'), (2, 'forest'), (1, 'coast'), (6, 'street'), (4, 'inside_city'), (0, 'Opencountry')]
[(7, 'tallbuilding'), (3, 'highway'), (5, 'mountain'), (2, 'forest'), (1, 'coast'), (6, 'street'), (4, 'inside_city'), (0, 'Opencountry')]
1504 377
Train set size:  1504
Validation set size:  377
Test set size:  807
Current device: cuda
Is Model on CUDA: True
----------------------------------------------------------------
        Layer (type)               Output Shape         Param #
================================================================
            Conv2d-1         [-1, 32, 224, 224]             896
         MaxPool2d-2         [-1, 32, 112, 112]               0
            Conv2d-3         [-1, 32, 224, 224]           1,056
         MaxPool2d-4         [-1, 32, 112, 112]               0
            Conv2d-5         [-1, 64, 112, 112]          18,496
         MaxPool2d-6           [-1, 64, 56, 56]               0
            Conv2d-7         [-1, 64, 112, 112]           4,160
         MaxPool2d-8           [-1, 64, 56, 56]               0
            Conv2d-9          [-1, 128, 56, 56]          73,856
        MaxPool2d-10          [-1, 128, 28, 28]               0
AdaptiveAvgPool2d-11            [-1, 128, 1, 1]               0
           Linear-12                  [-1, 256]          33,024
           Linear-13                    [-1, 8]           2,056
================================================================
Total params: 133,544
Trainable params: 133,544
Non-trainable params: 0
----------------------------------------------------------------
Input size (MB): 0.57
Forward/backward pass size (MB): 49.77
Params size (MB): 0.51
Estimated Total Size (MB): 50.85
----------------------------------------------------------------
Epoch 1 
            	 Training Loss: 1.993 
            	 Validation Loss: 1.933 
            	 Epoch Train Accuracy (%): 20.28
            	 Epoch Validation Accuracy (%): 26.79 
            	 Epoch Time (s): 6.2
        
Epoch 2 
            	 Training Loss: 1.797 
            	 Validation Loss: 1.769 
            	 Epoch Train Accuracy (%): 27.33
            	 Epoch Validation Accuracy (%): 29.97 
            	 Epoch Time (s): 6.0
        
Epoch 3 
            	 Training Loss: 1.661 
            	 Validation Loss: 1.633 
            	 Epoch Train Accuracy (%): 35.51
            	 Epoch Validation Accuracy (%): 37.67 
            	 Epoch Time (s): 6.2
        
Epoch 4 
            	 Training Loss: 1.599 
            	 Validation Loss: 1.501 
            	 Epoch Train Accuracy (%): 40.16
            	 Epoch Validation Accuracy (%): 44.03 
            	 Epoch Time (s): 6.1
        
Epoch 5 
            	 Training Loss: 1.414 
            	 Validation Loss: 1.378 
            	 Epoch Train Accuracy (%): 47.61
            	 Epoch Validation Accuracy (%): 48.81 
            	 Epoch Time (s): 6.1
        
Epoch 6 
            	 Training Loss: 1.327 
            	 Validation Loss: 1.292 
            	 Epoch Train Accuracy (%): 48.54
            	 Epoch Validation Accuracy (%): 49.34 
            	 Epoch Time (s): 6.1
        
Epoch 7 
            	 Training Loss: 1.222 
            	 Validation Loss: 1.123 
            	 Epoch Train Accuracy (%): 55.05
            	 Epoch Validation Accuracy (%): 55.97 
            	 Epoch Time (s): 6.3
        
Epoch 8 
            	 Training Loss: 1.134 
            	 Validation Loss: 1.082 
            	 Epoch Train Accuracy (%): 58.38
            	 Epoch Validation Accuracy (%): 58.62 
            	 Epoch Time (s): 6.2
        
Epoch 9 
            	 Training Loss: 1.053 
            	 Validation Loss: 1.08 
            	 Epoch Train Accuracy (%): 60.11
            	 Epoch Validation Accuracy (%): 58.62 
            	 Epoch Time (s): 6.2
        
Epoch 10 
            	 Training Loss: 1.005 
            	 Validation Loss: 1.022 
            	 Epoch Train Accuracy (%): 62.7
            	 Epoch Validation Accuracy (%): 60.48 
            	 Epoch Time (s): 6.0
        
